0 info it worked if it ends with ok
1 verbose cli [ '/usr/bin/node', '/usr/bin/npm', 'i', '-g', 'brunch@1' ]
2 info using npm@1.4.28
3 info using node@v0.10.37
4 verbose node symlink /usr/bin/node
5 verbose cache add [ 'brunch@1', null ]
6 verbose cache add name=undefined spec="brunch@1" args=["brunch@1",null]
7 verbose parsed url { protocol: null,
7 verbose parsed url   slashes: null,
7 verbose parsed url   auth: null,
7 verbose parsed url   host: null,
7 verbose parsed url   port: null,
7 verbose parsed url   hostname: null,
7 verbose parsed url   hash: null,
7 verbose parsed url   search: null,
7 verbose parsed url   query: null,
7 verbose parsed url   pathname: 'brunch@1',
7 verbose parsed url   path: 'brunch@1',
7 verbose parsed url   href: 'brunch@1' }
8 verbose cache add name="brunch" spec="1" args=["brunch","1"]
9 verbose parsed url { protocol: null,
9 verbose parsed url   slashes: null,
9 verbose parsed url   auth: null,
9 verbose parsed url   host: null,
9 verbose parsed url   port: null,
9 verbose parsed url   hostname: null,
9 verbose parsed url   hash: null,
9 verbose parsed url   search: null,
9 verbose parsed url   query: null,
9 verbose parsed url   pathname: '1',
9 verbose parsed url   path: '1',
9 verbose parsed url   href: '1' }
10 verbose addNamed [ 'brunch', '1' ]
11 verbose addNamed [ null, '>=1.0.0-0 <2.0.0-0' ]
12 silly lockFile a68e7426-brunch-1 brunch@1
13 verbose lock brunch@1 /home/itachi/.npm/a68e7426-brunch-1.lock
14 silly addNameRange { name: 'brunch', range: '>=1.0.0-0 <2.0.0-0', hasData: false }
15 verbose request where is /brunch
16 verbose request registry https://registry.npmjs.org/
17 verbose request id 6a149a75015feda3
18 verbose url raw /brunch
19 verbose url resolving [ 'https://registry.npmjs.org/', './brunch' ]
20 verbose url resolved https://registry.npmjs.org/brunch
21 verbose request where is https://registry.npmjs.org/brunch
22 info trying registry request attempt 1 at 14:09:01
23 verbose etag "5IXEIH3V1T5S11YC2434TNDNL"
24 http GET https://registry.npmjs.org/brunch
25 http 304 https://registry.npmjs.org/brunch
26 silly registry.get cb [ 304,
26 silly registry.get   { date: 'Mon, 31 Oct 2016 07:09:04 GMT',
26 silly registry.get     via: '1.1 varnish',
26 silly registry.get     'cache-control': 'max-age=300',
26 silly registry.get     etag: '"5IXEIH3V1T5S11YC2434TNDNL"',
26 silly registry.get     age: '213',
26 silly registry.get     connection: 'keep-alive',
26 silly registry.get     'x-served-by': 'cache-hkg6820-HKG',
26 silly registry.get     'x-cache': 'HIT',
26 silly registry.get     'x-cache-hits': '2',
26 silly registry.get     'x-timer': 'S1477897744.263804,VS0,VE0',
26 silly registry.get     vary: 'Accept-Encoding' } ]
27 verbose etag https://registry.npmjs.org/brunch from cache
28 silly addNameRange number 2 { name: 'brunch', range: '>=1.0.0-0 <2.0.0-0', hasData: true }
29 silly addNameRange versions [ 'brunch',
29 silly addNameRange   [ '0.0.1',
29 silly addNameRange     '0.0.2',
29 silly addNameRange     '0.0.3',
29 silly addNameRange     '0.0.4',
29 silly addNameRange     '0.0.5',
29 silly addNameRange     '0.0.6',
29 silly addNameRange     '0.0.7',
29 silly addNameRange     '0.0.8',
29 silly addNameRange     '0.1.0',
29 silly addNameRange     '0.1.1',
29 silly addNameRange     '0.1.3',
29 silly addNameRange     '0.1.4',
29 silly addNameRange     '0.1.5',
29 silly addNameRange     '0.1.6',
29 silly addNameRange     '0.1.7',
29 silly addNameRange     '0.1.8',
29 silly addNameRange     '0.1.9',
29 silly addNameRange     '0.2.0',
29 silly addNameRange     '0.2.1',
29 silly addNameRange     '0.2.2',
29 silly addNameRange     '0.2.3',
29 silly addNameRange     '0.2.4',
29 silly addNameRange     '0.2.6',
29 silly addNameRange     '0.2.7',
29 silly addNameRange     '0.2.8',
29 silly addNameRange     '0.3.0',
29 silly addNameRange     '0.3.1',
29 silly addNameRange     '0.3.2',
29 silly addNameRange     '0.3.4',
29 silly addNameRange     '0.3.5',
29 silly addNameRange     '0.3.6',
29 silly addNameRange     '0.3.7',
29 silly addNameRange     '0.4.0',
29 silly addNameRange     '0.4.1',
29 silly addNameRange     '0.4.2',
29 silly addNameRange     '0.4.3',
29 silly addNameRange     '0.4.4',
29 silly addNameRange     '0.4.5',
29 silly addNameRange     '0.5.1',
29 silly addNameRange     '0.5.2',
29 silly addNameRange     '0.5.3',
29 silly addNameRange     '0.5.4',
29 silly addNameRange     '0.5.5',
29 silly addNameRange     '0.5.6',
29 silly addNameRange     '0.6.0',
29 silly addNameRange     '0.6.1',
29 silly addNameRange     '0.6.2',
29 silly addNameRange     '0.7.0',
29 silly addNameRange     '0.7.1',
29 silly addNameRange     '0.7.2',
29 silly addNameRange     '0.7.3',
29 silly addNameRange     '0.7.4',
29 silly addNameRange     '0.8.0',
29 silly addNameRange     '0.8.1',
29 silly addNameRange     '0.9.0-beta1',
29 silly addNameRange     '0.9.0',
29 silly addNameRange     '0.9.1',
29 silly addNameRange     '1.0.0',
29 silly addNameRange     '1.0.1',
29 silly addNameRange     '1.0.2',
29 silly addNameRange     '1.0.3',
29 silly addNameRange     '1.1.0',
29 silly addNameRange     '1.1.1',
29 silly addNameRange     '1.1.2',
29 silly addNameRange     '1.2.0',
29 silly addNameRange     '1.2.1',
29 silly addNameRange     '1.2.2',
29 silly addNameRange     '1.3.0',
29 silly addNameRange     '1.3.1',
29 silly addNameRange     '1.3.2',
29 silly addNameRange     '1.3.3',
29 silly addNameRange     '1.3.4',
29 silly addNameRange     '1.4.0',
29 silly addNameRange     '1.4.1',
29 silly addNameRange     '1.4.2',
29 silly addNameRange     '1.4.3',
29 silly addNameRange     '1.4.4',
29 silly addNameRange     '1.4.5',
29 silly addNameRange     '1.5.0',
29 silly addNameRange     '1.5.1',
29 silly addNameRange     '1.5.2',
29 silly addNameRange     '1.5.3',
29 silly addNameRange     '1.5.4',
29 silly addNameRange     '1.6.0',
29 silly addNameRange     '1.6.1',
29 silly addNameRange     '1.6.2',
29 silly addNameRange     '1.6.3',
29 silly addNameRange     '1.6.4',
29 silly addNameRange     '1.6.5',
29 silly addNameRange     '1.6.6',
29 silly addNameRange     '1.6.7',
29 silly addNameRange     '1.7.0',
29 silly addNameRange     '1.7.1',
29 silly addNameRange     '1.7.2',
29 silly addNameRange     '1.7.3',
29 silly addNameRange     '1.7.4',
29 silly addNameRange     '1.7.5',
29 silly addNameRange     '1.7.6',
29 silly addNameRange     '1.7.7',
29 silly addNameRange     '1.7.8',
29 silly addNameRange     '1.7.9',
29 silly addNameRange     '1.7.10',
29 silly addNameRange     '1.7.12',
29 silly addNameRange     '1.7.13',
29 silly addNameRange     '1.7.14',
29 silly addNameRange     '1.7.15',
29 silly addNameRange     '1.7.16',
29 silly addNameRange     '1.7.17',
29 silly addNameRange     '1.7.18',
29 silly addNameRange     '1.7.19',
29 silly addNameRange     '1.7.20',
29 silly addNameRange     '1.8.0',
29 silly addNameRange     '1.8.1',
29 silly addNameRange     '1.8.2',
29 silly addNameRange     '1.8.3',
29 silly addNameRange     '1.8.4',
29 silly addNameRange     '1.8.5',
29 silly addNameRange     '2.0.0',
29 silly addNameRange     '2.0.1',
29 silly addNameRange     '2.0.2',
29 silly addNameRange     '2.0.3',
29 silly addNameRange     '2.0.4',
29 silly addNameRange     '2.1.0',
29 silly addNameRange     '2.1.1',
29 silly addNameRange     '2.1.2',
29 silly addNameRange     '2.1.3',
29 silly addNameRange     '2.2.0',
29 silly addNameRange     '2.2.1',
29 silly addNameRange     '2.2.2',
29 silly addNameRange     '2.2.3',
29 silly addNameRange     '2.3.0',
29 silly addNameRange     '2.3.1',
29 silly addNameRange     '2.3.2',
29 silly addNameRange     '2.4.0',
29 silly addNameRange     '2.4.1',
29 silly addNameRange     '2.4.2',
29 silly addNameRange     '2.5.0-pre',
29 silly addNameRange     '2.5.0',
29 silly addNameRange     '2.5.1',
29 silly addNameRange     '2.5.2',
29 silly addNameRange     '2.5.3',
29 silly addNameRange     '2.6.0',
29 silly addNameRange     '2.6.1',
29 silly addNameRange     '2.6.2',
29 silly addNameRange     '2.6.3',
29 silly addNameRange     '2.6.4',
29 silly addNameRange     '2.6.5',
29 silly addNameRange     '2.6.6',
29 silly addNameRange     '2.7.1',
29 silly addNameRange     '2.7.2',
29 silly addNameRange     '2.7.3',
29 silly addNameRange     '2.7.4',
29 silly addNameRange     '2.7.5',
29 silly addNameRange     '2.7.6',
29 silly addNameRange     '2.7.7',
29 silly addNameRange     '2.8.0',
29 silly addNameRange     '2.8.1',
29 silly addNameRange     '2.8.2',
29 silly addNameRange     '2.9.0',
29 silly addNameRange     '2.9.1' ] ]
30 verbose addNamed [ 'brunch', '1.8.5' ]
31 verbose addNamed [ '1.8.5', '1.8.5' ]
32 silly lockFile 97d11f37-brunch-1-8-5 brunch@1.8.5
33 verbose lock brunch@1.8.5 /home/itachi/.npm/97d11f37-brunch-1-8-5.lock
34 silly lockFile 97d11f37-brunch-1-8-5 brunch@1.8.5
35 silly lockFile 97d11f37-brunch-1-8-5 brunch@1.8.5
36 silly lockFile a68e7426-brunch-1 brunch@1
37 silly lockFile a68e7426-brunch-1 brunch@1
38 silly resolved [ { name: 'brunch',
38 silly resolved     description: 'A lightweight approach to building HTML5 applications with emphasis on elegance and simplicity',
38 silly resolved     version: '1.8.5',
38 silly resolved     keywords:
38 silly resolved      [ 'assembler',
38 silly resolved        'builder',
38 silly resolved        'stack',
38 silly resolved        'chaplin',
38 silly resolved        'backbone',
38 silly resolved        'ember',
38 silly resolved        'angular',
38 silly resolved        'html5' ],
38 silly resolved     homepage: 'http://brunch.io/',
38 silly resolved     author: { name: 'Brunch team', url: 'http://brunch.io' },
38 silly resolved     repository: { type: 'git', url: 'git+https://github.com/brunch/brunch.git' },
38 silly resolved     bugs: { url: 'http://github.com/brunch/brunch/issues' },
38 silly resolved     licenses: [ [Object] ],
38 silly resolved     main: './lib/index',
38 silly resolved     bin: { brunch: './bin/brunch' },
38 silly resolved     scripts:
38 silly resolved      { prepublish: 'coffee -bo lib/ src/',
38 silly resolved        postinstall: 'node -e "require(\'fs\').readdir(\'lib\',function(e){e&&require(\'child_process\').exec(\'npm run prepublish\')})"',
38 silly resolved        test: 'mocha --compilers coffee:coffee-script/register --require test/common.coffee --colors' },
38 silly resolved     preferGlobal: true,
38 silly resolved     dependencies:
38 silly resolved      { anymatch: '~1.3.0',
38 silly resolved        anysort: '~1.0.0',
38 silly resolved        'async-each': '~0.1.2',
38 silly resolved        'async-waterfall': '~0.1.2',
38 silly resolved        chokidar: '~1.0.1',
38 silly resolved        'coffee-script': '~1.9.0',
38 silly resolved        commander: '~2.7.1',
38 silly resolved        'commonjs-require-definition': '~0.2.0',
38 silly resolved        debug: '~2.1.1',
38 silly resolved        deppack: '~0.1.0',
38 silly resolved        fcache: '~0.1.0',
38 silly resolved        'init-skeleton': '~0.4.0',
38 silly resolved        loggy: '~0.2.0',
38 silly resolved        mkdirp: '~0.5.0',
38 silly resolved        pushserve: '~0.1.6',
38 silly resolved        'quickly-copy-file': '~0.1.0',
38 silly resolved        'read-components': '~0.6.0',
38 silly resolved        'source-map': '~0.3.0' },
38 silly resolved     devDependencies:
38 silly resolved      { mocha: '~1.12.0',
38 silly resolved        chai: '~1.7.0',
38 silly resolved        rewire: '~1.1.3',
38 silly resolved        express: '~3.3.0' },
38 silly resolved     gitHead: 'b8b25bc2c0e6dd21a8ad3d2a8e0157e770f3d3d2',
38 silly resolved     _id: 'brunch@1.8.5',
38 silly resolved     _shasum: '50e6536eee40159a3fa3b65c14e09bc83a47cc39',
38 silly resolved     _from: 'brunch@1',
38 silly resolved     _npmVersion: '2.13.0',
38 silly resolved     _nodeVersion: '2.4.0',
38 silly resolved     _npmUser: { name: 'es128', email: 'elan.shanker+npm@gmail.com' },
38 silly resolved     dist:
38 silly resolved      { shasum: '50e6536eee40159a3fa3b65c14e09bc83a47cc39',
38 silly resolved        tarball: 'https://registry.npmjs.org/brunch/-/brunch-1.8.5.tgz' },
38 silly resolved     maintainers: [ [Object], [Object], [Object], [Object] ],
38 silly resolved     directories: {},
38 silly resolved     _resolved: 'https://registry.npmjs.org/brunch/-/brunch-1.8.5.tgz',
38 silly resolved     readme: 'ERROR: No README data found!' } ]
39 info install brunch@1.8.5 into /usr/lib
40 info installOne brunch@1.8.5
41 verbose lib/node_modules/brunch unbuild
42 verbose tar unpack /home/itachi/.npm/brunch/1.8.5/package.tgz
43 silly lockFile e36b81df-tar-usr-lib-node-modules-brunch tar:///usr/lib/node_modules/brunch
44 verbose lock tar:///usr/lib/node_modules/brunch /home/itachi/.npm/e36b81df-tar-usr-lib-node-modules-brunch.lock
45 silly lockFile 71493363-chi-npm-brunch-1-8-5-package-tgz tar:///home/itachi/.npm/brunch/1.8.5/package.tgz
46 verbose lock tar:///home/itachi/.npm/brunch/1.8.5/package.tgz /home/itachi/.npm/71493363-chi-npm-brunch-1-8-5-package-tgz.lock
47 silly gunzTarPerm modes [ '775', '664' ]
48 error Error: EACCES, mkdir '/usr/lib/node_modules/brunch'
48 error  { [Error: EACCES, mkdir '/usr/lib/node_modules/brunch']
48 error   errno: 3,
48 error   code: 'EACCES',
48 error   path: '/usr/lib/node_modules/brunch',
48 error   fstream_type: 'Directory',
48 error   fstream_path: '/usr/lib/node_modules/brunch',
48 error   fstream_class: 'DirWriter',
48 error   fstream_stack:
48 error    [ '/usr/lib/node_modules/npm/node_modules/fstream/lib/dir-writer.js:36:23',
48 error      '/usr/lib/node_modules/npm/node_modules/mkdirp/index.js:46:53',
48 error      'Object.oncomplete (fs.js:108:15)' ] }
49 error Please try running this command again as root/Administrator.
50 error System Linux 4.2.0-42-generic
51 error command "/usr/bin/node" "/usr/bin/npm" "i" "-g" "brunch@1"
52 error cwd /home/itachi/git/hello_phoenix
53 error node -v v0.10.37
54 error npm -v 1.4.28
55 error path /usr/lib/node_modules/brunch
56 error fstream_path /usr/lib/node_modules/brunch
57 error fstream_type Directory
58 error fstream_class DirWriter
59 error code EACCES
60 error errno 3
61 error stack Error: EACCES, mkdir '/usr/lib/node_modules/brunch'
62 error fstream_stack /usr/lib/node_modules/npm/node_modules/fstream/lib/dir-writer.js:36:23
62 error fstream_stack /usr/lib/node_modules/npm/node_modules/mkdirp/index.js:46:53
62 error fstream_stack Object.oncomplete (fs.js:108:15)
63 verbose exit [ 3, true ]
